<?xml version="1.0" encoding="UTF-8"?>
<!-- Generated by org.testng.reporters.JUnitXMLReporter -->
<testsuite hostname="DESKTOP-TCEHCUB" ignored="0" name="Test" tests="3" failures="0" timestamp="2021-07-31T00:50:41 GMT+13:00" time="18.82" errors="0">
  <testcase name="stayForFewNights" time="5.421" classname="the.collective.test.OnlineBooking"/>
  <testcase name="validateNavigationBar" time="2.358" classname="the.collective.test.ValidateNavigationBar"/>
  <testcase name="validateNavigationBar" time="6.477" classname="the.collective.test.Newsletter"/>
</testsuite> <!-- Test -->
