<?xml version="1.0" encoding="UTF-8"?>
<!-- Generated by org.testng.reporters.JUnitXMLReporter -->
<testsuite hostname="DESKTOP-TCEHCUB" ignored="0" name="Validating User login" tests="2" failures="2" timestamp="2021-07-29T21:32:40 GMT+13:00" time="0.065" errors="0">
  <testcase name="@AfterTest teardown" time="0.001" classname="Academy.HomePage">
    <failure type="java.lang.NullPointerException">
      <![CDATA[java.lang.NullPointerException
at Academy.HomePage.teardown(HomePage.java:54)
... Removed 24 stack frames]]>
    </failure>
  </testcase> <!-- @AfterTest teardown -->
  <testcase name="basePageNavigation" time="0.008" classname="Academy.HomePage">
    <failure type="java.lang.NullPointerException">
      <![CDATA[java.lang.NullPointerException
at Academy.HomePage.basePageNavigation(HomePage.java:37)
at java.util.ArrayList.forEach(Unknown Source)
... Removed 27 stack frames]]>
    </failure>
  </testcase> <!-- basePageNavigation -->
  <testcase name="basePageNavigation" time="0.033" classname="Academy.HomePage">
    <failure type="java.lang.NullPointerException">
      <![CDATA[java.lang.NullPointerException
at resources.base.getScreenshot(base.java:56)
at Academy.listeners.onTestFailure(listeners.java:33)
at java.util.ArrayList.forEach(Unknown Source)
... Removed 24 stack frames]]>
    </failure>
  </testcase> <!-- basePageNavigation -->
</testsuite> <!-- Validating User login -->
