<?xml version="1.0" encoding="UTF-8"?>
<testng-results skipped="0" failed="0" ignored="0" total="3" passed="3">
  <reporter-output>
  </reporter-output>
  <suite name="Suite" duration-ms="18820" started-at="2021-07-31T00:50:23 GMT+13:00" finished-at="2021-07-31T00:50:41 GMT+13:00">
    <groups>
    </groups>
    <test name="Test" duration-ms="18820" started-at="2021-07-31T00:50:23 GMT+13:00" finished-at="2021-07-31T00:50:41 GMT+13:00">
      <class name="the.collective.test.ValidateNavigationBar">
        <test-method status="PASS" signature="initialize()[pri:0, instance:the.collective.test.ValidateNavigationBar@20140db9]" name="initialize" is-config="true" duration-ms="1026" started-at="2021-07-31T00:50:25 GMT+13:00" finished-at="2021-07-31T00:50:26 GMT+13:00">
          <reporter-output>
          </reporter-output>
        </test-method> <!-- initialize -->
        <test-method status="PASS" signature="validateNavigationBar()[pri:0, instance:the.collective.test.ValidateNavigationBar@20140db9]" name="validateNavigationBar" duration-ms="2358" started-at="2021-07-31T00:50:32 GMT+13:00" finished-at="2021-07-31T00:50:34 GMT+13:00">
          <reporter-output>
          </reporter-output>
        </test-method> <!-- validateNavigationBar -->
        <test-method status="PASS" signature="teardown()[pri:0, instance:the.collective.test.ValidateNavigationBar@20140db9]" name="teardown" is-config="true" duration-ms="93" started-at="2021-07-31T00:50:41 GMT+13:00" finished-at="2021-07-31T00:50:41 GMT+13:00">
          <reporter-output>
          </reporter-output>
        </test-method> <!-- teardown -->
      </class> <!-- the.collective.test.ValidateNavigationBar -->
      <class name="the.collective.test.Newsletter">
        <test-method status="PASS" signature="initialize()[pri:0, instance:the.collective.test.Newsletter@1e6a3214]" name="initialize" is-config="true" duration-ms="1627" started-at="2021-07-31T00:50:23 GMT+13:00" finished-at="2021-07-31T00:50:24 GMT+13:00">
          <reporter-output>
          </reporter-output>
        </test-method> <!-- initialize -->
        <test-method status="PASS" signature="validateNavigationBar()[pri:0, instance:the.collective.test.Newsletter@1e6a3214]" name="validateNavigationBar" duration-ms="6477" started-at="2021-07-31T00:50:34 GMT+13:00" finished-at="2021-07-31T00:50:41 GMT+13:00">
          <reporter-output>
          </reporter-output>
        </test-method> <!-- validateNavigationBar -->
        <test-method status="PASS" signature="teardown()[pri:0, instance:the.collective.test.Newsletter@1e6a3214]" name="teardown" is-config="true" duration-ms="79" started-at="2021-07-31T00:50:41 GMT+13:00" finished-at="2021-07-31T00:50:41 GMT+13:00">
          <reporter-output>
          </reporter-output>
        </test-method> <!-- teardown -->
      </class> <!-- the.collective.test.Newsletter -->
      <class name="the.collective.test.OnlineBooking">
        <test-method status="PASS" signature="initialize()[pri:0, instance:the.collective.test.OnlineBooking@6340e5f0]" name="initialize" is-config="true" duration-ms="1022" started-at="2021-07-31T00:50:24 GMT+13:00" finished-at="2021-07-31T00:50:25 GMT+13:00">
          <reporter-output>
          </reporter-output>
        </test-method> <!-- initialize -->
        <test-method status="PASS" signature="stayForFewNights()[pri:0, instance:the.collective.test.OnlineBooking@6340e5f0]" name="stayForFewNights" duration-ms="5421" started-at="2021-07-31T00:50:26 GMT+13:00" finished-at="2021-07-31T00:50:32 GMT+13:00">
          <reporter-output>
          </reporter-output>
        </test-method> <!-- stayForFewNights -->
        <test-method status="PASS" signature="teardown()[pri:0, instance:the.collective.test.OnlineBooking@6340e5f0]" name="teardown" is-config="true" duration-ms="677" started-at="2021-07-31T00:50:41 GMT+13:00" finished-at="2021-07-31T00:50:41 GMT+13:00">
          <reporter-output>
          </reporter-output>
        </test-method> <!-- teardown -->
      </class> <!-- the.collective.test.OnlineBooking -->
    </test> <!-- Test -->
  </suite> <!-- Suite -->
</testng-results>
